<?xml version="1.0" encoding="UTF-8"?>
<testsuite xmlns:xsi="http://www.w3.org/2001/XMLSchema-instance" xsi:noNamespaceSchemaLocation="https://maven.apache.org/surefire/maven-surefire-plugin/xsd/surefire-test-report-3.0.xsd" version="3.0" name="dev.com.sigea.dominio.gestaoacademica.RunCucumberTest" time="0.256" tests="4" errors="0" skipped="0" failures="0">
  <properties>
[...]
</properties>
  <testcase name="Admin cria um novo período letivo com sucesso" classname="Controlar Estrutura Acadêmica" time="0.105">
    <system-out><![CDATA[
Cenário: Admin cria um novo período letivo com sucesso                                                              &amp#27;[90m# dev/com/sigea/dominio/gestaoacademica/estruturaacademica/controlar_estrutura_academica.feature:10&amp#27;[0m
  &amp#27;[32mDado &amp#27;[0m&amp#27;[32mque sou um Administrador logado&amp#27;[0m                                                                              &amp#27;[90m# dev.com.sigea.dominio.gestaoacademica.estruturaacademica.ControlarEstruturaAcademicaFeature.que_sou_um_administrador_logado()&amp#27;[0m
  &amp#27;[32mQuando &amp#27;[0m&amp#27;[32meu defino as datas de início como &amp#27;[0m&amp#27;[32m&amp#27;[1m"01/02/2025"&amp#27;[0m&amp#27;[32m e fim como &amp#27;[0m&amp#27;[32m&amp#27;[1m"30/06/2025"&amp#27;[0m&amp#27;[32m para o novo período letivo &amp#27;[0m&amp#27;[32m&amp#27;[1m"2025.1"&amp#27;[0m &amp#27;[90m# dev.com.sigea.dominio.gestaoacademica.estruturaacademica.ControlarEstruturaAcademicaFeature.eu_defino_as_datas_de_início_e_fim(java.lang.String,java.lang.String,java.lang.String)&amp#27;[0m
  &amp#27;[32mEntão &amp#27;[0m&amp#27;[32mum novo período letivo &amp#27;[0m&amp#27;[32m&amp#27;[1m"2025.1"&amp#27;[0m&amp#27;[32m com status &amp#27;[0m&amp#27;[32m&amp#27;[1m"ATIVO"&amp#27;[0m&amp#27;[32m deve existir no sistema&amp#27;[0m                                  &amp#27;[90m# dev.com.sigea.dominio.gestaoacademica.estruturaacademica.ControlarEstruturaAcademicaFeature.um_novo_período_letivo_com_status_deve_existir(java.lang.String,java.lang.String)&amp#27;[0m
]]></system-out>
  </testcase>
  <testcase name="Admin tenta criar período letivo com datas sobrepostas" classname="Controlar Estrutura Acadêmica" time="0.013">
    <system-out><![CDATA[
Cenário: Admin tenta criar período letivo com datas sobrepostas                                                     &amp#27;[90m# dev/com/sigea/dominio/gestaoacademica/estruturaacademica/controlar_estrutura_academica.feature:14&amp#27;[0m
  &amp#27;[32mDado &amp#27;[0m&amp#27;[32mque sou um Administrador logado&amp#27;[0m                                                                              &amp#27;[90m# dev.com.sigea.dominio.gestaoacademica.estruturaacademica.ControlarEstruturaAcademicaFeature.que_sou_um_administrador_logado()&amp#27;[0m
  &amp#27;[32mDado &amp#27;[0m&amp#27;[32mque já existe um período letivo &amp#27;[0m&amp#27;[32m&amp#27;[1m"2025.1"&amp#27;[0m&amp#27;[32m com início em &amp#27;[0m&amp#27;[32m&amp#27;[1m"01/02/2025"&amp#27;[0m&amp#27;[32m e fim em &amp#27;[0m&amp#27;[32m&amp#27;[1m"30/06/2025"&amp#27;[0m                    &amp#27;[90m# dev.com.sigea.dominio.gestaoacademica.estruturaacademica.ControlarEstruturaAcademicaFeature.que_ja_existe_um_periodo_letivo(java.lang.String,java.lang.String,java.lang.String)&amp#27;[0m
  &amp#27;[32mQuando &amp#27;[0m&amp#27;[32meu tento criar um novo período letivo &amp#27;[0m&amp#27;[32m&amp#27;[1m"Semestre de Verão"&amp#27;[0m&amp#27;[32m com início em &amp#27;[0m&amp#27;[32m&amp#27;[1m"01/06/2025"&amp#27;[0m&amp#27;[32m e fim em &amp#27;[0m&amp#27;[32m&amp#27;[1m"31/07/2025"&amp#27;[0m &amp#27;[90m# dev.com.sigea.dominio.gestaoacademica.estruturaacademica.ControlarEstruturaAcademicaFeature.eu_tento_criar_um_novo_periodo_letivo(java.lang.String,java.lang.String,java.lang.String)&amp#27;[0m
  &amp#27;[32mEntão &amp#27;[0m&amp#27;[32mo sistema deve me impedir com a mensagem &amp#27;[0m&amp#27;[32m&amp#27;[1m"Já existe um período letivo ativo nas datas especificadas"&amp#27;[0m        &amp#27;[90m# dev.com.sigea.dominio.gestaoacademica.estruturaacademica.ControlarEstruturaAcademicaFeature.o_sistema_deve_me_impedir_com_a_mensagem(java.lang.String)&amp#27;[0m
  &amp#27;[32mE &amp#27;[0m&amp#27;[32mo período letivo &amp#27;[0m&amp#27;[32m&amp#27;[1m"Semestre de Verão"&amp#27;[0m&amp#27;[32m não deve ser criado&amp#27;[0m                                                        &amp#27;[90m# dev.com.sigea.dominio.gestaoacademica.estruturaacademica.ControlarEstruturaAcademicaFeature.o_periodo_letivo_nao_deve_ser_criado(java.lang.String)&amp#27;[0m
]]></system-out>
  </testcase>
  <testcase name="Admin cria uma nova disciplina com sucesso" classname="Controlar Estrutura Acadêmica" time="0.009">
    <system-out><![CDATA[
Cenário: Admin cria uma nova disciplina com sucesso               &amp#27;[90m# dev/com/sigea/dominio/gestaoacademica/estruturaacademica/controlar_estrutura_academica.feature:20&amp#27;[0m
  &amp#27;[32mDado &amp#27;[0m&amp#27;[32mque sou um Administrador logado&amp#27;[0m                            &amp#27;[90m# dev.com.sigea.dominio.gestaoacademica.estruturaacademica.ControlarEstruturaAcademicaFeature.que_sou_um_administrador_logado()&amp#27;[0m
  &amp#27;[32mQuando &amp#27;[0m&amp#27;[32meu crio uma nova disciplina com o nome &amp#27;[0m&amp#27;[32m&amp#27;[1m"Banco de Dados"&amp#27;[0m  &amp#27;[90m# dev.com.sigea.dominio.gestaoacademica.estruturaacademica.ControlarEstruturaAcademicaFeature.eu_crio_uma_nova_disciplina_com_o_nome(java.lang.String)&amp#27;[0m
  &amp#27;[32mEntão &amp#27;[0m&amp#27;[32ma disciplina &amp#27;[0m&amp#27;[32m&amp#27;[1m"Banco de Dados"&amp#27;[0m&amp#27;[32m deve ser criada com sucesso&amp#27;[0m &amp#27;[90m# dev.com.sigea.dominio.gestaoacademica.estruturaacademica.ControlarEstruturaAcademicaFeature.a_disciplina_deve_ser_criada_com_sucesso(java.lang.String)&amp#27;[0m
]]></system-out>
  </testcase>
  <testcase name="Admin tenta criar disciplina com nome duplicado" classname="Controlar Estrutura Acadêmica" time="0.009">
    <system-out><![CDATA[
Cenário: Admin tenta criar disciplina com nome duplicado                                  &amp#27;[90m# dev/com/sigea/dominio/gestaoacademica/estruturaacademica/controlar_estrutura_academica.feature:24&amp#27;[0m
  &amp#27;[32mDado &amp#27;[0m&amp#27;[32mque sou um Administrador logado&amp#27;[0m                                                    &amp#27;[90m# dev.com.sigea.dominio.gestaoacademica.estruturaacademica.ControlarEstruturaAcademicaFeature.que_sou_um_administrador_logado()&amp#27;[0m
  &amp#27;[32mDado &amp#27;[0m&amp#27;[32mque já existe uma disciplina com o nome &amp#27;[0m&amp#27;[32m&amp#27;[1m"Cálculo Vetorial"&amp#27;[0m                         &amp#27;[90m# dev.com.sigea.dominio.gestaoacademica.estruturaacademica.ControlarEstruturaAcademicaFeature.que_ja_existe_uma_disciplina_com_o_nome(java.lang.String)&amp#27;[0m
  &amp#27;[32mQuando &amp#27;[0m&amp#27;[32meu tento criar uma nova disciplina com o nome &amp#27;[0m&amp#27;[32m&amp#27;[1m"Cálculo Vetorial"&amp#27;[0m                 &amp#27;[90m# dev.com.sigea.dominio.gestaoacademica.estruturaacademica.ControlarEstruturaAcademicaFeature.eu_tento_criar_uma_nova_disciplina(java.lang.String)&amp#27;[0m
  &amp#27;[32mEntão &amp#27;[0m&amp#27;[32mo sistema deve me impedir com a mensagem &amp#27;[0m&amp#27;[32m&amp#27;[1m"Já existe uma disciplina com este nome"&amp#27;[0m &amp#27;[90m# dev.com.sigea.dominio.gestaoacademica.estruturaacademica.ControlarEstruturaAcademicaFeature.o_sistema_deve_me_impedir_com_a_mensagem(java.lang.String)&amp#27;[0m
]]></system-out>
  </testcase>
</testsuite>