<?xml version="1.0" encoding="UTF-8"?>
<testsuite xmlns:xsi="http://www.w3.org/2001/XMLSchema-instance" xsi:noNamespaceSchemaLocation="https://maven.apache.org/surefire/maven-surefire-plugin/xsd/surefire-test-report-3.0.xsd" version="3.0" name="dev.com.sigea.dominio.gestaoacademica.RunCucumberTest" time="0.28" tests="10" errors="0" skipped="0" failures="0">
  <properties>
[...]
</properties>
  <testcase name="Admin cria um novo período letivo com sucesso" classname="Controlar Estrutura Acadêmica" time="0.09"/>
  <testcase name="Admin tenta criar período letivo com datas sobrepostas" classname="Controlar Estrutura Acadêmica" time="0.012"/>
  <testcase name="Admin cria uma nova disciplina com sucesso" classname="Controlar Estrutura Acadêmica" time="0.006"/>
  <testcase name="Admin tenta criar disciplina com nome duplicado" classname="Controlar Estrutura Acadêmica" time="0.005"/>
  <testcase name="Aluno matriculado cria um novo tópico com sucesso" classname="Gerenciar Fóruns de Discussão" time="0.009"/>
  <testcase name="Aluno não matriculado tenta acessar fórum de disciplina" classname="Gerenciar Fóruns de Discussão" time="0.005"/>
  <testcase name="Professor lança uma nota válida para um aluno matriculado" classname="Gestão de Desempenho Acadêmico" time="0.008"/>
  <testcase name="Professor tenta lançar uma nota inválida" classname="Gestão de Desempenho Acadêmico" time="0.006"/>
  <testcase name="Aluno se matricula em sala com vaga disponível" classname="Realizar Matrícula" time="0.012"/>
  <testcase name="Aluno tenta se matricular em sala lotada" classname="Realizar Matrícula" time="0.004"/>
</testsuite>