<?xml version="1.0" encoding="UTF-8"?>
<testsuite xmlns:xsi="http://www.w3.org/2001/XMLSchema-instance" xsi:noNamespaceSchemaLocation="https://maven.apache.org/surefire/maven-surefire-plugin/xsd/surefire-test-report-3.0.xsd" version="3.0" name="dev.com.sigea.dominio.ambientecolaborativo.RunCucumberTest" time="0.187" tests="2" errors="0" skipped="0" failures="0">
  <properties>
[...]
</properties>
  <testcase name="Professor publica um material com anexo em sua turma" classname="Gerenciar Conteúdo Didático" time="0.088"/>
  <testcase name="Professor tenta publicar material em turma de outro professor" classname="Gerenciar Conteúdo Didático" time="0.007"/>
</testsuite>