<?xml version="1.0" encoding="UTF-8"?>
<testsuite xmlns:xsi="http://www.w3.org/2001/XMLSchema-instance" xsi:noNamespaceSchemaLocation="https://maven.apache.org/surefire/maven-surefire-plugin/xsd/surefire-test-report-3.0.xsd" version="3.0" name="dev.com.sigea.dominio.identidadeacesso.usuario.RunCucumberTest" time="0.176" tests="2" errors="0" skipped="0" failures="0">
  <properties>
[...]
</properties>
  <testcase name="Admin cadastra um novo professor com sucesso" classname="7 - Gerenciar Usuários" time="0.076">
    <system-out><![CDATA[
Cenário: Admin cadastra um novo professor com sucesso                                                                                 &amp#27;[90m# dev/com/sigea/dominio/identidadeacesso/usuario/gerenciar_usuarios.feature:10&amp#27;[0m
  &amp#27;[32mDado &amp#27;[0m&amp#27;[32mque eu sou um administrador logado no sistema&amp#27;[0m                                                                                  &amp#27;[90m# dev.com.sigea.dominio.identidadeacesso.usuario.GerenciarUsuariosFeature.que_eu_sou_um_administrador_logado_no_sistema()&amp#27;[0m
  &amp#27;[32mQuando &amp#27;[0m&amp#27;[32meu preencho o formulário de cadastro com o nome &amp#27;[0m&amp#27;[32m&amp#27;[1m"Carlos Santana"&amp#27;[0m&amp#27;[32m, o e-mail &amp#27;[0m&amp#27;[32m&amp#27;[1m"carlos.santana@email.com"&amp#27;[0m&amp#27;[32m e o perfil &amp#27;[0m&amp#27;[32m&amp#27;[1m"PROFESSOR"&amp#27;[0m &amp#27;[90m# dev.com.sigea.dominio.identidadeacesso.usuario.GerenciarUsuariosFeature.eu_preencho_o_formulario_de_cadastro_com_o_nome_o_email_e_o_perfil(java.lang.String,java.lang.String,java.lang.String)&amp#27;[0m
  &amp#27;[32mE &amp#27;[0m&amp#27;[32meu clico em &amp#27;[0m&amp#27;[32m&amp#27;[1m"Salvar"&amp#27;[0m                                                                                                              &amp#27;[90m# dev.com.sigea.dominio.identidadeacesso.usuario.GerenciarUsuariosFeature.eu_clico_em(java.lang.String)&amp#27;[0m
  &amp#27;[32mEntão &amp#27;[0m&amp#27;[32mum novo usuário com o perfil &amp#27;[0m&amp#27;[32m&amp#27;[1m"PROFESSOR"&amp#27;[0m&amp#27;[32m e status &amp#27;[0m&amp#27;[32m&amp#27;[1m"ATIVO"&amp#27;[0m&amp#27;[32m deve ser criado&amp#27;[0m                                                     &amp#27;[90m# dev.com.sigea.dominio.identidadeacesso.usuario.GerenciarUsuariosFeature.um_novo_usuario_com_o_perfil_e_status_deve_ser_criado(java.lang.String,java.lang.String)&amp#27;[0m
  &amp#27;[32mE &amp#27;[0m&amp#27;[32mo usuário &amp#27;[0m&amp#27;[32m&amp#27;[1m"carlos.santana@email.com"&amp#27;[0m&amp#27;[32m deve existir na lista de professores&amp#27;[0m                                                         &amp#27;[90m# dev.com.sigea.dominio.identidadeacesso.usuario.GerenciarUsuariosFeature.o_usuario_deve_existir_na_lista_de_professores(java.lang.String)&amp#27;[0m
]]></system-out>
  </testcase>
  <testcase name="Admin tenta cadastrar professor com e-mail já existente" classname="7 - Gerenciar Usuários" time="0.018">
    <system-out><![CDATA[
Cenário: Admin tenta cadastrar professor com e-mail já existente                                            &amp#27;[90m# dev/com/sigea/dominio/identidadeacesso/usuario/gerenciar_usuarios.feature:16&amp#27;[0m
  &amp#27;[32mDado &amp#27;[0m&amp#27;[32mque eu sou um administrador logado no sistema&amp#27;[0m                                                        &amp#27;[90m# dev.com.sigea.dominio.identidadeacesso.usuario.GerenciarUsuariosFeature.que_eu_sou_um_administrador_logado_no_sistema()&amp#27;[0m
  &amp#27;[32mDado &amp#27;[0m&amp#27;[32mque já existe um usuário com o e-mail &amp#27;[0m&amp#27;[32m&amp#27;[1m"professor.existente@email.com"&amp#27;[0m                                &amp#27;[90m# dev.com.sigea.dominio.identidadeacesso.usuario.GerenciarUsuariosFeature.que_ja_existe_um_usuario_com_o_email(java.lang.String)&amp#27;[0m
  &amp#27;[32mQuando &amp#27;[0m&amp#27;[32meu tento criar um novo professor com o nome &amp#27;[0m&amp#27;[32m&amp#27;[1m"Ana Maria"&amp#27;[0m&amp#27;[32m e o e-mail &amp#27;[0m&amp#27;[32m&amp#27;[1m"professor.existente@email.com"&amp#27;[0m &amp#27;[90m# dev.com.sigea.dominio.identidadeacesso.usuario.GerenciarUsuariosFeature.eu_tento_criar_um_novo_professor_com_o_nome_e_o_email(java.lang.String,java.lang.String)&amp#27;[0m
  &amp#27;[32mEntão &amp#27;[0m&amp#27;[32mo sistema deve me informar que &amp#27;[0m&amp#27;[32m&amp#27;[1m"Este e-mail já está em uso"&amp#27;[0m                                         &amp#27;[90m# dev.com.sigea.dominio.identidadeacesso.usuario.GerenciarUsuariosFeature.o_sistema_deve_me_informar_que(java.lang.String)&amp#27;[0m
  &amp#27;[32mE &amp#27;[0m&amp#27;[32mnenhum novo usuário deve ser criado com este e-mail&amp#27;[0m                                                     &amp#27;[90m# dev.com.sigea.dominio.identidadeacesso.usuario.GerenciarUsuariosFeature.nenhum_novo_usuario_deve_ser_criado_com_este_e_mail()&amp#27;[0m
]]></system-out>
  </testcase>
</testsuite>